<?xml version="1.0" encoding="UTF-8"?>
<testng-results skipped="0" failed="0" total="1" passed="1">
  <reporter-output>
  </reporter-output>
  <suite name="Suite" duration-ms="8932" started-at="2020-12-27T15:19:55Z" finished-at="2020-12-27T15:20:04Z">
    <groups>
    </groups>
    <test name="Test" duration-ms="8932" started-at="2020-12-27T15:19:55Z" finished-at="2020-12-27T15:20:04Z">
      <class name="com.dv.tc.SearchTC">
        <test-method status="PASS" signature="search()[pri:0, instance:com.dv.tc.SearchTC@1445d7f]" name="search" duration-ms="8906" started-at="2020-12-27T10:19:55Z" finished-at="2020-12-27T10:20:04Z">
          <reporter-output>
          </reporter-output>
        </test-method> <!-- search -->
      </class> <!-- com.dv.tc.SearchTC -->
    </test> <!-- Test -->
  </suite> <!-- Suite -->
</testng-results>
