<?xml version="1.0" encoding="UTF-8"?>
<testng-results skipped="0" failed="0" ignored="0" total="1" passed="1">
  <reporter-output>
  </reporter-output>
  <suite name="Default suite" duration-ms="9054" started-at="2020-12-28T16:56:56 EST" finished-at="2020-12-28T16:57:06 EST">
    <groups>
    </groups>
    <test name="Default test" duration-ms="9054" started-at="2020-12-28T16:56:56 EST" finished-at="2020-12-28T16:57:06 EST">
      <class name="com.dv.tc.SearchTC">
        <test-method status="PASS" signature="search()[pri:0, instance:com.dv.tc.SearchTC@5c5a1b69]" name="search" duration-ms="8965" started-at="2020-12-28T16:56:57 EST" finished-at="2020-12-28T16:57:06 EST">
          <reporter-output>
          </reporter-output>
        </test-method> <!-- search -->
      </class> <!-- com.dv.tc.SearchTC -->
    </test> <!-- Default test -->
  </suite> <!-- Default suite -->
</testng-results>
