<?xml version="1.0" encoding="UTF-8"?>
<testng-results skipped="0" failed="0" ignored="0" total="1" passed="1">
  <reporter-output>
  </reporter-output>
  <suite name="Suite" duration-ms="7930" started-at="2020-12-28T21:57:53Z" finished-at="2020-12-28T21:58:01Z">
    <groups>
    </groups>
    <test name="Test" duration-ms="7930" started-at="2020-12-28T21:57:53Z" finished-at="2020-12-28T21:58:01Z">
      <class name="com.dv.tc.SearchTC">
        <test-method status="PASS" signature="search()[pri:0, instance:com.dv.tc.SearchTC@6a396c1e]" name="search" duration-ms="7866" started-at="2020-12-28T21:57:53Z" finished-at="2020-12-28T21:58:01Z">
          <reporter-output>
          </reporter-output>
        </test-method> <!-- search -->
      </class> <!-- com.dv.tc.SearchTC -->
    </test> <!-- Test -->
  </suite> <!-- Suite -->
</testng-results>
